<?xml version="1.0" encoding="UTF-8"?>
<testsuite xmlns:xsi="http://www.w3.org/2001/XMLSchema-instance" xsi:noNamespaceSchemaLocation="https://maven.apache.org/surefire/maven-surefire-plugin/xsd/surefire-test-report.xsd" version="3.0.2" name="com.example.demo.DemoApplicationTests" time="1.671" tests="1" errors="0" skipped="0" failures="0">
  <properties>
[...]
</properties>
  <testcase name="contextLoads" classname="com.example.demo.DemoApplicationTests" time="0.212">
    <system-out><![CDATA[00:17:12.377 [main] INFO org.springframework.test.context.support.AnnotationConfigContextLoaderUtils -- Could not detect default configuration classes for test class [com.example.demo.DemoApplicationTests]: DemoApplicationTests does not declare any static, non-private, non-final, nested classes annotated with @Configuration.
00:17:12.413 [main] INFO org.springframework.boot.test.context.SpringBootTestContextBootstrapper -- Found @SpringBootConfiguration com.example.demo.DemoApplication for test class com.example.demo.DemoApplicationTests

  .   ____          _            __ _ _
 /\\ / ___'_ __ _ _(_)_ __  __ _ \ \ \ \
( ( )\___ | '_ | '_| | '_ \/ _` | \ \ \ \
 \\/  ___)| |_)| | | | | || (_| |  ) ) ) )
  '  |____| .__|_| |_|_| |_\__, | / / / /
 =========|_|==============|___/=/_/_/_/

 :: Spring Boot ::                (v3.5.0)

2025-05-27T00:17:12.556-04:00  INFO 51344 --- [demo] [           main] com.example.demo.DemoApplicationTests    : Starting DemoApplicationTests using Java 17.0.15 with PID 51344 (started by aprameyakannan in /Users/aprameyakannan/Documents/demo)
2025-05-27T00:17:12.556-04:00  INFO 51344 --- [demo] [           main] com.example.demo.DemoApplicationTests    : No active profile set, falling back to 1 default profile: "default"
2025-05-27T00:17:12.763-04:00  INFO 51344 --- [demo] [           main] .s.d.r.c.RepositoryConfigurationDelegate : Bootstrapping Spring Data JPA repositories in DEFAULT mode.
2025-05-27T00:17:12.779-04:00  INFO 51344 --- [demo] [           main] .s.d.r.c.RepositoryConfigurationDelegate : Finished Spring Data repository scanning in 13 ms. Found 2 JPA repository interfaces.
2025-05-27T00:17:12.904-04:00  INFO 51344 --- [demo] [           main] o.hibernate.jpa.internal.util.LogHelper  : HHH000204: Processing PersistenceUnitInfo [name: default]
2025-05-27T00:17:12.925-04:00  INFO 51344 --- [demo] [           main] org.hibernate.Version                    : HHH000412: Hibernate ORM core version 6.6.15.Final
2025-05-27T00:17:12.937-04:00  INFO 51344 --- [demo] [           main] o.h.c.internal.RegionFactoryInitiator    : HHH000026: Second-level cache disabled
2025-05-27T00:17:12.963-04:00 DEBUG 51344 --- [demo] [           main] org.hibernate.type.BasicTypeRegistry     : Adding type registration boolean -> org.hibernate.type.BasicTypeReference@79a201cf
2025-05-27T00:17:12.963-04:00 DEBUG 51344 --- [demo] [           main] org.hibernate.type.BasicTypeRegistry     : Adding type registration boolean -> org.hibernate.type.BasicTypeReference@79a201cf
2025-05-27T00:17:12.963-04:00 DEBUG 51344 --- [demo] [           main] org.hibernate.type.BasicTypeRegistry     : Adding type registration java.lang.Boolean -> org.hibernate.type.BasicTypeReference@79a201cf
2025-05-27T00:17:12.963-04:00 DEBUG 51344 --- [demo] [           main] org.hibernate.type.BasicTypeRegistry     : Adding type registration numeric_boolean -> org.hibernate.type.BasicTypeReference@1cbc5693
2025-05-27T00:17:12.964-04:00 DEBUG 51344 --- [demo] [           main] org.hibernate.type.BasicTypeRegistry     : Adding type registration org.hibernate.type.NumericBooleanConverter -> org.hibernate.type.BasicTypeReference@1cbc5693
2025-05-27T00:17:12.964-04:00 DEBUG 51344 --- [demo] [           main] org.hibernate.type.BasicTypeRegistry     : Adding type registration true_false -> org.hibernate.type.BasicTypeReference@3d2f3dcb
2025-05-27T00:17:12.964-04:00 DEBUG 51344 --- [demo] [           main] org.hibernate.type.BasicTypeRegistry     : Adding type registration org.hibernate.type.TrueFalseConverter -> org.hibernate.type.BasicTypeReference@3d2f3dcb
2025-05-27T00:17:12.964-04:00 DEBUG 51344 --- [demo] [           main] org.hibernate.type.BasicTypeRegistry     : Adding type registration yes_no -> org.hibernate.type.BasicTypeReference@59845579
2025-05-27T00:17:12.964-04:00 DEBUG 51344 --- [demo] [           main] org.hibernate.type.BasicTypeRegistry     : Adding type registration org.hibernate.type.YesNoConverter -> org.hibernate.type.BasicTypeReference@59845579
2025-05-27T00:17:12.964-04:00 DEBUG 51344 --- [demo] [           main] org.hibernate.type.BasicTypeRegistry     : Adding type registration byte -> org.hibernate.type.BasicTypeReference@30c19bff
2025-05-27T00:17:12.964-04:00 DEBUG 51344 --- [demo] [           main] org.hibernate.type.BasicTypeRegistry     : Adding type registration byte -> org.hibernate.type.BasicTypeReference@30c19bff
2025-05-27T00:17:12.964-04:00 DEBUG 51344 --- [demo] [           main] org.hibernate.type.BasicTypeRegistry     : Adding type registration java.lang.Byte -> org.hibernate.type.BasicTypeReference@30c19bff
2025-05-27T00:17:12.964-04:00 DEBUG 51344 --- [demo] [           main] org.hibernate.type.BasicTypeRegistry     : Adding type registration binary -> org.hibernate.type.BasicTypeReference@4e375bba
2025-05-27T00:17:12.964-04:00 DEBUG 51344 --- [demo] [           main] org.hibernate.type.BasicTypeRegistry     : Adding type registration byte[] -> org.hibernate.type.BasicTypeReference@4e375bba
2025-05-27T00:17:12.964-04:00 DEBUG 51344 --- [demo] [           main] org.hibernate.type.BasicTypeRegistry     : Adding type registration [B -> org.hibernate.type.BasicTypeReference@4e375bba
2025-05-27T00:17:12.964-04:00 DEBUG 51344 --- [demo] [           main] org.hibernate.type.BasicTypeRegistry     : Adding type registration binary_wrapper -> org.hibernate.type.BasicTypeReference@4d4436d0
2025-05-27T00:17:12.964-04:00 DEBUG 51344 --- [demo] [           main] org.hibernate.type.BasicTypeRegistry     : Adding type registration wrapper-binary -> org.hibernate.type.BasicTypeReference@4d4436d0
2025-05-27T00:17:12.964-04:00 DEBUG 51344 --- [demo] [           main] org.hibernate.type.BasicTypeRegistry     : Adding type registration image -> org.hibernate.type.BasicTypeReference@39da5e49
2025-05-27T00:17:12.964-04:00 DEBUG 51344 --- [demo] [           main] org.hibernate.type.BasicTypeRegistry     : Adding type registration blob -> org.hibernate.type.BasicTypeReference@2443abd6
2025-05-27T00:17:12.964-04:00 DEBUG 51344 --- [demo] [           main] org.hibernate.type.BasicTypeRegistry     : Adding type registration java.sql.Blob -> org.hibernate.type.BasicTypeReference@2443abd6
2025-05-27T00:17:12.965-04:00 DEBUG 51344 --- [demo] [           main] org.hibernate.type.BasicTypeRegistry     : Adding type registration materialized_blob -> org.hibernate.type.BasicTypeReference@674da77b
2025-05-27T00:17:12.965-04:00 DEBUG 51344 --- [demo] [           main] org.hibernate.type.BasicTypeRegistry     : Adding type registration materialized_blob_wrapper -> org.hibernate.type.BasicTypeReference@bd3eff4
2025-05-27T00:17:12.965-04:00 DEBUG 51344 --- [demo] [           main] org.hibernate.type.BasicTypeRegistry     : Adding type registration short -> org.hibernate.type.BasicTypeReference@6010d0d1
2025-05-27T00:17:12.965-04:00 DEBUG 51344 --- [demo] [           main] org.hibernate.type.BasicTypeRegistry     : Adding type registration short -> org.hibernate.type.BasicTypeReference@6010d0d1
2025-05-27T00:17:12.965-04:00 DEBUG 51344 --- [demo] [           main] org.hibernate.type.BasicTypeRegistry     : Adding type registration java.lang.Short -> org.hibernate.type.BasicTypeReference@6010d0d1
2025-05-27T00:17:12.965-04:00 DEBUG 51344 --- [demo] [           main] org.hibernate.type.BasicTypeRegistry     : Adding type registration integer -> org.hibernate.type.BasicTypeReference@5934ca1e
2025-05-27T00:17:12.965-04:00 DEBUG 51344 --- [demo] [           main] org.hibernate.type.BasicTypeRegistry     : Adding type registration int -> org.hibernate.type.BasicTypeReference@5934ca1e
2025-05-27T00:17:12.965-04:00 DEBUG 51344 --- [demo] [           main] org.hibernate.type.BasicTypeRegistry     : Adding type registration java.lang.Integer -> org.hibernate.type.BasicTypeReference@5934ca1e
2025-05-27T00:17:12.965-04:00 DEBUG 51344 --- [demo] [           main] org.hibernate.type.BasicTypeRegistry     : Adding type registration long -> org.hibernate.type.BasicTypeReference@5348d83c
2025-05-27T00:17:12.965-04:00 DEBUG 51344 --- [demo] [           main] org.hibernate.type.BasicTypeRegistry     : Adding type registration long -> org.hibernate.type.BasicTypeReference@5348d83c
2025-05-27T00:17:12.965-04:00 DEBUG 51344 --- [demo] [           main] org.hibernate.type.BasicTypeRegistry     : Adding type registration java.lang.Long -> org.hibernate.type.BasicTypeReference@5348d83c
2025-05-27T00:17:12.965-04:00 DEBUG 51344 --- [demo] [           main] org.hibernate.type.BasicTypeRegistry     : Adding type registration float -> org.hibernate.type.BasicTypeReference@477021ee
2025-05-27T00:17:12.965-04:00 DEBUG 51344 --- [demo] [           main] org.hibernate.type.BasicTypeRegistry     : Adding type registration float -> org.hibernate.type.BasicTypeReference@477021ee
2025-05-27T00:17:12.965-04:00 DEBUG 51344 --- [demo] [           main] org.hibernate.type.BasicTypeRegistry     : Adding type registration java.lang.Float -> org.hibernate.type.BasicTypeReference@477021ee
2025-05-27T00:17:12.965-04:00 DEBUG 51344 --- [demo] [           main] org.hibernate.type.BasicTypeRegistry     : Adding type registration double -> org.hibernate.type.BasicTypeReference@2180e789
2025-05-27T00:17:12.965-04:00 DEBUG 51344 --- [demo] [           main] org.hibernate.type.BasicTypeRegistry     : Adding type registration double -> org.hibernate.type.BasicTypeReference@2180e789
2025-05-27T00:17:12.965-04:00 DEBUG 51344 --- [demo] [           main] org.hibernate.type.BasicTypeRegistry     : Adding type registration java.lang.Double -> org.hibernate.type.BasicTypeReference@2180e789
2025-05-27T00:17:12.965-04:00 DEBUG 51344 --- [demo] [           main] org.hibernate.type.BasicTypeRegistry     : Adding type registration big_integer -> org.hibernate.type.BasicTypeReference@5e9bbd9d
2025-05-27T00:17:12.965-04:00 DEBUG 51344 --- [demo] [           main] org.hibernate.type.BasicTypeRegistry     : Adding type registration java.math.BigInteger -> org.hibernate.type.BasicTypeReference@5e9bbd9d
2025-05-27T00:17:12.965-04:00 DEBUG 51344 --- [demo] [           main] org.hibernate.type.BasicTypeRegistry     : Adding type registration big_decimal -> org.hibernate.type.BasicTypeReference@4b87074a
2025-05-27T00:17:12.965-04:00 DEBUG 51344 --- [demo] [           main] org.hibernate.type.BasicTypeRegistry     : Adding type registration java.math.BigDecimal -> org.hibernate.type.BasicTypeReference@4b87074a
2025-05-27T00:17:12.966-04:00 DEBUG 51344 --- [demo] [           main] org.hibernate.type.BasicTypeRegistry     : Adding type registration character -> org.hibernate.type.BasicTypeReference@d3e3085
2025-05-27T00:17:12.966-04:00 DEBUG 51344 --- [demo] [           main] org.hibernate.type.BasicTypeRegistry     : Adding type registration char -> org.hibernate.type.BasicTypeReference@d3e3085
2025-05-27T00:17:12.966-04:00 DEBUG 51344 --- [demo] [           main] org.hibernate.type.BasicTypeRegistry     : Adding type registration java.lang.Character -> org.hibernate.type.BasicTypeReference@d3e3085
2025-05-27T00:17:12.966-04:00 DEBUG 51344 --- [demo] [           main] org.hibernate.type.BasicTypeRegistry     : Adding type registration character_nchar -> org.hibernate.type.BasicTypeReference@2ba42204
2025-05-27T00:17:12.966-04:00 DEBUG 51344 --- [demo] [           main] org.hibernate.type.BasicTypeRegistry     : Adding type registration string -> org.hibernate.type.BasicTypeReference@285005b8
2025-05-27T00:17:12.966-04:00 DEBUG 51344 --- [demo] [           main] org.hibernate.type.BasicTypeRegistry     : Adding type registration java.lang.String -> org.hibernate.type.BasicTypeReference@285005b8
2025-05-27T00:17:12.966-04:00 DEBUG 51344 --- [demo] [           main] org.hibernate.type.BasicTypeRegistry     : Adding type registration nstring -> org.hibernate.type.BasicTypeReference@5b1efaaf
2025-05-27T00:17:12.966-04:00 DEBUG 51344 --- [demo] [           main] org.hibernate.type.BasicTypeRegistry     : Adding type registration characters -> org.hibernate.type.BasicTypeReference@27585351
2025-05-27T00:17:12.966-04:00 DEBUG 51344 --- [demo] [           main] org.hibernate.type.BasicTypeRegistry     : Adding type registration char[] -> org.hibernate.type.BasicTypeReference@27585351
2025-05-27T00:17:12.966-04:00 DEBUG 51344 --- [demo] [           main] org.hibernate.type.BasicTypeRegistry     : Adding type registration [C -> org.hibernate.type.BasicTypeReference@27585351
2025-05-27T00:17:12.966-04:00 DEBUG 51344 --- [demo] [           main] org.hibernate.type.BasicTypeRegistry     : Adding type registration wrapper-characters -> org.hibernate.type.BasicTypeReference@2de6f1bc
2025-05-27T00:17:12.966-04:00 DEBUG 51344 --- [demo] [           main] org.hibernate.type.BasicTypeRegistry     : Adding type registration text -> org.hibernate.type.BasicTypeReference@5b35c7d
2025-05-27T00:17:12.966-04:00 DEBUG 51344 --- [demo] [           main] org.hibernate.type.BasicTypeRegistry     : Adding type registration ntext -> org.hibernate.type.BasicTypeReference@29d405e6
2025-05-27T00:17:12.966-04:00 DEBUG 51344 --- [demo] [           main] org.hibernate.type.BasicTypeRegistry     : Adding type registration clob -> org.hibernate.type.BasicTypeReference@4c731956
2025-05-27T00:17:12.966-04:00 DEBUG 51344 --- [demo] [           main] org.hibernate.type.BasicTypeRegistry     : Adding type registration java.sql.Clob -> org.hibernate.type.BasicTypeReference@4c731956
2025-05-27T00:17:12.966-04:00 DEBUG 51344 --- [demo] [           main] org.hibernate.type.BasicTypeRegistry     : Adding type registration nclob -> org.hibernate.type.BasicTypeReference@56826a75
2025-05-27T00:17:12.966-04:00 DEBUG 51344 --- [demo] [           main] org.hibernate.type.BasicTypeRegistry     : Adding type registration java.sql.NClob -> org.hibernate.type.BasicTypeReference@56826a75
2025-05-27T00:17:12.966-04:00 DEBUG 51344 --- [demo] [           main] org.hibernate.type.BasicTypeRegistry     : Adding type registration materialized_clob -> org.hibernate.type.BasicTypeReference@49cd946c
2025-05-27T00:17:12.966-04:00 DEBUG 51344 --- [demo] [           main] org.hibernate.type.BasicTypeRegistry     : Adding type registration materialized_clob_char_array -> org.hibernate.type.BasicTypeReference@40bf4386
2025-05-27T00:17:12.966-04:00 DEBUG 51344 --- [demo] [           main] org.hibernate.type.BasicTypeRegistry     : Adding type registration materialized_clob_character_array -> org.hibernate.type.BasicTypeReference@14d25b6e
2025-05-27T00:17:12.966-04:00 DEBUG 51344 --- [demo] [           main] org.hibernate.type.BasicTypeRegistry     : Adding type registration materialized_nclob -> org.hibernate.type.BasicTypeReference@51c65a43
2025-05-27T00:17:12.967-04:00 DEBUG 51344 --- [demo] [           main] org.hibernate.type.BasicTypeRegistry     : Adding type registration materialized_nclob_character_array -> org.hibernate.type.BasicTypeReference@740dcae3
2025-05-27T00:17:12.967-04:00 DEBUG 51344 --- [demo] [           main] org.hibernate.type.BasicTypeRegistry     : Adding type registration materialized_nclob_char_array -> org.hibernate.type.BasicTypeReference@4e140497
2025-05-27T00:17:12.967-04:00 DEBUG 51344 --- [demo] [           main] org.hibernate.type.BasicTypeRegistry     : Adding type registration Duration -> org.hibernate.type.BasicTypeReference@481b2f10
2025-05-27T00:17:12.967-04:00 DEBUG 51344 --- [demo] [           main] org.hibernate.type.BasicTypeRegistry     : Adding type registration java.time.Duration -> org.hibernate.type.BasicTypeReference@481b2f10
2025-05-27T00:17:12.967-04:00 DEBUG 51344 --- [demo] [           main] org.hibernate.type.BasicTypeRegistry     : Adding type registration LocalDateTime -> org.hibernate.type.BasicTypeReference@2b6c7012
2025-05-27T00:17:12.967-04:00 DEBUG 51344 --- [demo] [           main] org.hibernate.type.BasicTypeRegistry     : Adding type registration java.time.LocalDateTime -> org.hibernate.type.BasicTypeReference@2b6c7012
2025-05-27T00:17:12.967-04:00 DEBUG 51344 --- [demo] [           main] org.hibernate.type.BasicTypeRegistry     : Adding type registration LocalDate -> org.hibernate.type.BasicTypeReference@31acfd4e
2025-05-27T00:17:12.967-04:00 DEBUG 51344 --- [demo] [           main] org.hibernate.type.BasicTypeRegistry     : Adding type registration java.time.LocalDate -> org.hibernate.type.BasicTypeReference@31acfd4e
2025-05-27T00:17:12.967-04:00 DEBUG 51344 --- [demo] [           main] org.hibernate.type.BasicTypeRegistry     : Adding type registration LocalTime -> org.hibernate.type.BasicTypeReference@5f726750
2025-05-27T00:17:12.967-04:00 DEBUG 51344 --- [demo] [           main] org.hibernate.type.BasicTypeRegistry     : Adding type registration java.time.LocalTime -> org.hibernate.type.BasicTypeReference@5f726750
2025-05-27T00:17:12.967-04:00 DEBUG 51344 --- [demo] [           main] org.hibernate.type.BasicTypeRegistry     : Adding type registration OffsetDateTime -> org.hibernate.type.BasicTypeReference@4e80a001
2025-05-27T00:17:12.967-04:00 DEBUG 51344 --- [demo] [           main] org.hibernate.type.BasicTypeRegistry     : Adding type registration java.time.OffsetDateTime -> org.hibernate.type.BasicTypeReference@4e80a001
2025-05-27T00:17:12.967-04:00 DEBUG 51344 --- [demo] [           main] org.hibernate.type.BasicTypeRegistry     : Adding type registration OffsetDateTimeWithTimezone -> org.hibernate.type.BasicTypeReference@624b523
2025-05-27T00:17:12.967-04:00 DEBUG 51344 --- [demo] [           main] org.hibernate.type.BasicTypeRegistry     : Adding type registration OffsetDateTimeWithoutTimezone -> org.hibernate.type.BasicTypeReference@50b46e24
2025-05-27T00:17:12.967-04:00 DEBUG 51344 --- [demo] [           main] org.hibernate.type.BasicTypeRegistry     : Adding type registration OffsetTime -> org.hibernate.type.BasicTypeReference@1c30cb85
2025-05-27T00:17:12.967-04:00 DEBUG 51344 --- [demo] [           main] org.hibernate.type.BasicTypeRegistry     : Adding type registration java.time.OffsetTime -> org.hibernate.type.BasicTypeReference@1c30cb85
2025-05-27T00:17:12.967-04:00 DEBUG 51344 --- [demo] [           main] org.hibernate.type.BasicTypeRegistry     : Adding type registration OffsetTimeUtc -> org.hibernate.type.BasicTypeReference@577bf0aa
2025-05-27T00:17:12.967-04:00 DEBUG 51344 --- [demo] [           main] org.hibernate.type.BasicTypeRegistry     : Adding type registration OffsetTimeWithTimezone -> org.hibernate.type.BasicTypeReference@7455dacb
2025-05-27T00:17:12.967-04:00 DEBUG 51344 --- [demo] [           main] org.hibernate.type.BasicTypeRegistry     : Adding type registration OffsetTimeWithoutTimezone -> org.hibernate.type.BasicTypeReference@7634f2b
2025-05-27T00:17:12.967-04:00 DEBUG 51344 --- [demo] [           main] org.hibernate.type.BasicTypeRegistry     : Adding type registration ZonedDateTime -> org.hibernate.type.BasicTypeReference@1d15c0a1
2025-05-27T00:17:12.967-04:00 DEBUG 51344 --- [demo] [           main] org.hibernate.type.BasicTypeRegistry     : Adding type registration java.time.ZonedDateTime -> org.hibernate.type.BasicTypeReference@1d15c0a1
2025-05-27T00:17:12.967-04:00 DEBUG 51344 --- [demo] [           main] org.hibernate.type.BasicTypeRegistry     : Adding type registration ZonedDateTimeWithTimezone -> org.hibernate.type.BasicTypeReference@15639d09
2025-05-27T00:17:12.968-04:00 DEBUG 51344 --- [demo] [           main] org.hibernate.type.BasicTypeRegistry     : Adding type registration ZonedDateTimeWithoutTimezone -> org.hibernate.type.BasicTypeReference@4fba8eec
2025-05-27T00:17:12.968-04:00 DEBUG 51344 --- [demo] [           main] org.hibernate.type.BasicTypeRegistry     : Adding type registration date -> org.hibernate.type.BasicTypeReference@52bd9a27
2025-05-27T00:17:12.968-04:00 DEBUG 51344 --- [demo] [           main] org.hibernate.type.BasicTypeRegistry     : Adding type registration java.sql.Date -> org.hibernate.type.BasicTypeReference@52bd9a27
2025-05-27T00:17:12.968-04:00 DEBUG 51344 --- [demo] [           main] org.hibernate.type.BasicTypeRegistry     : Adding type registration time -> org.hibernate.type.BasicTypeReference@611e5819
2025-05-27T00:17:12.968-04:00 DEBUG 51344 --- [demo] [           main] org.hibernate.type.BasicTypeRegistry     : Adding type registration java.sql.Time -> org.hibernate.type.BasicTypeReference@611e5819
2025-05-27T00:17:12.968-04:00 DEBUG 51344 --- [demo] [           main] org.hibernate.type.BasicTypeRegistry     : Adding type registration timestamp -> org.hibernate.type.BasicTypeReference@681c0ae6
2025-05-27T00:17:12.968-04:00 DEBUG 51344 --- [demo] [           main] org.hibernate.type.BasicTypeRegistry     : Adding type registration java.sql.Timestamp -> org.hibernate.type.BasicTypeReference@681c0ae6
2025-05-27T00:17:12.968-04:00 DEBUG 51344 --- [demo] [           main] org.hibernate.type.BasicTypeRegistry     : Adding type registration java.util.Date -> org.hibernate.type.BasicTypeReference@681c0ae6
2025-05-27T00:17:12.968-04:00 DEBUG 51344 --- [demo] [           main] org.hibernate.type.BasicTypeRegistry     : Adding type registration calendar -> org.hibernate.type.BasicTypeReference@73ca34e7
2025-05-27T00:17:12.968-04:00 DEBUG 51344 --- [demo] [           main] org.hibernate.type.BasicTypeRegistry     : Adding type registration java.util.Calendar -> org.hibernate.type.BasicTypeReference@73ca34e7
2025-05-27T00:17:12.968-04:00 DEBUG 51344 --- [demo] [           main] org.hibernate.type.BasicTypeRegistry     : Adding type registration java.util.GregorianCalendar -> org.hibernate.type.BasicTypeReference@73ca34e7
2025-05-27T00:17:12.968-04:00 DEBUG 51344 --- [demo] [           main] org.hibernate.type.BasicTypeRegistry     : Adding type registration calendar_date -> org.hibernate.type.BasicTypeReference@4d98e41b
2025-05-27T00:17:12.968-04:00 DEBUG 51344 --- [demo] [           main] org.hibernate.type.BasicTypeRegistry     : Adding type registration calendar_time -> org.hibernate.type.BasicTypeReference@5ed5b321
2025-05-27T00:17:12.968-04:00 DEBUG 51344 --- [demo] [           main] org.hibernate.type.BasicTypeRegistry     : Adding type registration instant -> org.hibernate.type.BasicTypeReference@5696c927
2025-05-27T00:17:12.968-04:00 DEBUG 51344 --- [demo] [           main] org.hibernate.type.BasicTypeRegistry     : Adding type registration java.time.Instant -> org.hibernate.type.BasicTypeReference@5696c927
2025-05-27T00:17:12.968-04:00 DEBUG 51344 --- [demo] [           main] org.hibernate.type.BasicTypeRegistry     : Adding type registration uuid -> org.hibernate.type.BasicTypeReference@7459a21e
2025-05-27T00:17:12.968-04:00 DEBUG 51344 --- [demo] [           main] org.hibernate.type.BasicTypeRegistry     : Adding type registration java.util.UUID -> org.hibernate.type.BasicTypeReference@7459a21e
2025-05-27T00:17:12.968-04:00 DEBUG 51344 --- [demo] [           main] org.hibernate.type.BasicTypeRegistry     : Adding type registration pg-uuid -> org.hibernate.type.BasicTypeReference@7459a21e
2025-05-27T00:17:12.968-04:00 DEBUG 51344 --- [demo] [           main] org.hibernate.type.BasicTypeRegistry     : Adding type registration uuid-binary -> org.hibernate.type.BasicTypeReference@7eeb38b2
2025-05-27T00:17:12.968-04:00 DEBUG 51344 --- [demo] [           main] org.hibernate.type.BasicTypeRegistry     : Adding type registration uuid-char -> org.hibernate.type.BasicTypeReference@d54d0f5
2025-05-27T00:17:12.968-04:00 DEBUG 51344 --- [demo] [           main] org.hibernate.type.BasicTypeRegistry     : Adding type registration class -> org.hibernate.type.BasicTypeReference@6d6bff89
2025-05-27T00:17:12.968-04:00 DEBUG 51344 --- [demo] [           main] org.hibernate.type.BasicTypeRegistry     : Adding type registration java.lang.Class -> org.hibernate.type.BasicTypeReference@6d6bff89
2025-05-27T00:17:12.968-04:00 DEBUG 51344 --- [demo] [           main] org.hibernate.type.BasicTypeRegistry     : Adding type registration currency -> org.hibernate.type.BasicTypeReference@541bf968
2025-05-27T00:17:12.968-04:00 DEBUG 51344 --- [demo] [           main] org.hibernate.type.BasicTypeRegistry     : Adding type registration Currency -> org.hibernate.type.BasicTypeReference@541bf968
2025-05-27T00:17:12.968-04:00 DEBUG 51344 --- [demo] [           main] org.hibernate.type.BasicTypeRegistry     : Adding type registration java.util.Currency -> org.hibernate.type.BasicTypeReference@541bf968
2025-05-27T00:17:12.968-04:00 DEBUG 51344 --- [demo] [           main] org.hibernate.type.BasicTypeRegistry     : Adding type registration locale -> org.hibernate.type.BasicTypeReference@739265f1
2025-05-27T00:17:12.968-04:00 DEBUG 51344 --- [demo] [           main] org.hibernate.type.BasicTypeRegistry     : Adding type registration java.util.Locale -> org.hibernate.type.BasicTypeReference@739265f1
2025-05-27T00:17:12.968-04:00 DEBUG 51344 --- [demo] [           main] org.hibernate.type.BasicTypeRegistry     : Adding type registration serializable -> org.hibernate.type.BasicTypeReference@58eac00e
2025-05-27T00:17:12.968-04:00 DEBUG 51344 --- [demo] [           main] org.hibernate.type.BasicTypeRegistry     : Adding type registration java.io.Serializable -> org.hibernate.type.BasicTypeReference@58eac00e
2025-05-27T00:17:12.968-04:00 DEBUG 51344 --- [demo] [           main] org.hibernate.type.BasicTypeRegistry     : Adding type registration timezone -> org.hibernate.type.BasicTypeReference@6acffb2d
2025-05-27T00:17:12.969-04:00 DEBUG 51344 --- [demo] [           main] org.hibernate.type.BasicTypeRegistry     : Adding type registration java.util.TimeZone -> org.hibernate.type.BasicTypeReference@6acffb2d
2025-05-27T00:17:12.969-04:00 DEBUG 51344 --- [demo] [           main] org.hibernate.type.BasicTypeRegistry     : Adding type registration ZoneOffset -> org.hibernate.type.BasicTypeReference@61149fa5
2025-05-27T00:17:12.969-04:00 DEBUG 51344 --- [demo] [           main] org.hibernate.type.BasicTypeRegistry     : Adding type registration java.time.ZoneOffset -> org.hibernate.type.BasicTypeReference@61149fa5
2025-05-27T00:17:12.969-04:00 DEBUG 51344 --- [demo] [           main] org.hibernate.type.BasicTypeRegistry     : Adding type registration url -> org.hibernate.type.BasicTypeReference@149c39b
2025-05-27T00:17:12.969-04:00 DEBUG 51344 --- [demo] [           main] org.hibernate.type.BasicTypeRegistry     : Adding type registration java.net.URL -> org.hibernate.type.BasicTypeReference@149c39b
2025-05-27T00:17:12.969-04:00 DEBUG 51344 --- [demo] [           main] org.hibernate.type.BasicTypeRegistry     : Adding type registration vector -> org.hibernate.type.BasicTypeReference@f2d890c
2025-05-27T00:17:12.969-04:00 DEBUG 51344 --- [demo] [           main] org.hibernate.type.BasicTypeRegistry     : Adding type registration float_vector -> org.hibernate.type.BasicTypeReference@1a2e0d57
2025-05-27T00:17:12.969-04:00 DEBUG 51344 --- [demo] [           main] org.hibernate.type.BasicTypeRegistry     : Adding type registration double_vector -> org.hibernate.type.BasicTypeReference@5f025000
2025-05-27T00:17:12.969-04:00 DEBUG 51344 --- [demo] [           main] org.hibernate.type.BasicTypeRegistry     : Adding type registration byte_vector -> org.hibernate.type.BasicTypeReference@10980560
2025-05-27T00:17:12.969-04:00 DEBUG 51344 --- [demo] [           main] org.hibernate.type.BasicTypeRegistry     : Adding type registration row_version -> org.hibernate.type.BasicTypeReference@739e8b96
2025-05-27T00:17:12.970-04:00 DEBUG 51344 --- [demo] [           main] org.hibernate.type.BasicTypeRegistry     : Adding type registration object -> org.hibernate.type.JavaObjectType@172f4514
2025-05-27T00:17:12.970-04:00 DEBUG 51344 --- [demo] [           main] org.hibernate.type.BasicTypeRegistry     : Adding type registration java.lang.Object -> org.hibernate.type.JavaObjectType@172f4514
2025-05-27T00:17:12.970-04:00 DEBUG 51344 --- [demo] [           main] org.hibernate.type.BasicTypeRegistry     : Adding type registration null -> org.hibernate.type.NullType@741741d0
2025-05-27T00:17:12.970-04:00 DEBUG 51344 --- [demo] [           main] org.hibernate.type.BasicTypeRegistry     : Adding type registration imm_date -> org.hibernate.type.BasicTypeReference@5f9f3e58
2025-05-27T00:17:12.970-04:00 DEBUG 51344 --- [demo] [           main] org.hibernate.type.BasicTypeRegistry     : Adding type registration imm_time -> org.hibernate.type.BasicTypeReference@3c19592c
2025-05-27T00:17:12.970-04:00 DEBUG 51344 --- [demo] [           main] org.hibernate.type.BasicTypeRegistry     : Adding type registration imm_timestamp -> org.hibernate.type.BasicTypeReference@60e1d87c
2025-05-27T00:17:12.971-04:00 DEBUG 51344 --- [demo] [           main] org.hibernate.type.BasicTypeRegistry     : Adding type registration imm_calendar -> org.hibernate.type.BasicTypeReference@2eb60c71
2025-05-27T00:17:12.971-04:00 DEBUG 51344 --- [demo] [           main] org.hibernate.type.BasicTypeRegistry     : Adding type registration imm_calendar_date -> org.hibernate.type.BasicTypeReference@87d9a01
2025-05-27T00:17:12.971-04:00 DEBUG 51344 --- [demo] [           main] org.hibernate.type.BasicTypeRegistry     : Adding type registration imm_calendar_time -> org.hibernate.type.BasicTypeReference@7e5b621b
2025-05-27T00:17:12.971-04:00 DEBUG 51344 --- [demo] [           main] org.hibernate.type.BasicTypeRegistry     : Adding type registration imm_binary -> org.hibernate.type.BasicTypeReference@10177794
2025-05-27T00:17:12.971-04:00 DEBUG 51344 --- [demo] [           main] org.hibernate.type.BasicTypeRegistry     : Adding type registration imm_serializable -> org.hibernate.type.BasicTypeReference@e5c2463
2025-05-27T00:17:13.038-04:00  INFO 51344 --- [demo] [           main] o.s.o.j.p.SpringPersistenceUnitInfo      : No LoadTimeWeaver setup: ignoring JPA class transformer
2025-05-27T00:17:13.051-04:00  INFO 51344 --- [demo] [           main] com.zaxxer.hikari.HikariDataSource       : HikariPool-1 - Starting...
2025-05-27T00:17:13.103-04:00  INFO 51344 --- [demo] [           main] com.zaxxer.hikari.pool.HikariPool        : HikariPool-1 - Added connection org.postgresql.jdbc.PgConnection@781c2497
2025-05-27T00:17:13.103-04:00  INFO 51344 --- [demo] [           main] com.zaxxer.hikari.HikariDataSource       : HikariPool-1 - Start completed.
2025-05-27T00:17:13.137-04:00  WARN 51344 --- [demo] [           main] org.hibernate.orm.deprecation            : HHH90000025: PostgreSQLDialect does not need to be specified explicitly using 'hibernate.dialect' (remove the property setting and it will be selected by default)
2025-05-27T00:17:13.145-04:00  INFO 51344 --- [demo] [           main] org.hibernate.orm.connections.pooling    : HHH10001005: Database info:
	Database JDBC URL [Connecting through datasource 'HikariDataSource (HikariPool-1)']
	Database driver: undefined/unknown
	Database version: 14.18
	Autocommit mode: undefined/unknown
	Isolation level: undefined/unknown
	Minimum pool size: undefined/unknown
	Maximum pool size: undefined/unknown
2025-05-27T00:17:13.148-04:00 DEBUG 51344 --- [demo] [           main] o.h.t.d.sql.spi.DdlTypeRegistry          : addDescriptor(2003, org.hibernate.type.descriptor.sql.internal.ArrayDdlTypeImpl@55951fcd) replaced previous registration(org.hibernate.type.descriptor.sql.internal.ArrayDdlTypeImpl@3513d214)
2025-05-27T00:17:13.148-04:00 DEBUG 51344 --- [demo] [           main] o.h.t.d.sql.spi.DdlTypeRegistry          : addDescriptor(6, org.hibernate.type.descriptor.sql.internal.CapacityDependentDdlType@7534785a) replaced previous registration(org.hibernate.type.descriptor.sql.internal.DdlTypeImpl@46b5f061)
2025-05-27T00:17:13.148-04:00 DEBUG 51344 --- [demo] [           main] o.h.t.d.jdbc.spi.JdbcTypeRegistry        : addDescriptor(2004, BlobTypeDescriptor(BLOB_BINDING)) replaced previous registration(BlobTypeDescriptor(DEFAULT))
2025-05-27T00:17:13.148-04:00 DEBUG 51344 --- [demo] [           main] o.h.t.d.jdbc.spi.JdbcTypeRegistry        : addDescriptor(2005, ClobTypeDescriptor(CLOB_BINDING)) replaced previous registration(ClobTypeDescriptor(DEFAULT))
2025-05-27T00:17:13.151-04:00 DEBUG 51344 --- [demo] [           main] org.hibernate.type.BasicTypeRegistry     : Adding type registration JAVA_OBJECT -> org.hibernate.type.JavaObjectType@6aad919c
2025-05-27T00:17:13.151-04:00 DEBUG 51344 --- [demo] [           main] org.hibernate.type.BasicTypeRegistry     : Adding type registration java.lang.Object -> org.hibernate.type.JavaObjectType@6aad919c
2025-05-27T00:17:13.151-04:00 DEBUG 51344 --- [demo] [           main] org.hibernate.type.BasicTypeRegistry     : Type registration key [java.lang.Object] overrode previous entry : `org.hibernate.type.JavaObjectType@172f4514`
2025-05-27T00:17:13.152-04:00 DEBUG 51344 --- [demo] [           main] org.hibernate.type.BasicTypeRegistry     : Adding type registration org.hibernate.type.DurationType -> basicType@1(java.time.Duration,3015)
2025-05-27T00:17:13.153-04:00 DEBUG 51344 --- [demo] [           main] org.hibernate.type.BasicTypeRegistry     : Adding type registration Duration -> basicType@1(java.time.Duration,3015)
2025-05-27T00:17:13.153-04:00 DEBUG 51344 --- [demo] [           main] org.hibernate.type.BasicTypeRegistry     : Adding type registration java.time.Duration -> basicType@1(java.time.Duration,3015)
2025-05-27T00:17:13.153-04:00 DEBUG 51344 --- [demo] [           main] org.hibernate.type.BasicTypeRegistry     : Adding type registration org.hibernate.type.OffsetDateTimeType -> basicType@2(java.time.OffsetDateTime,3003)
2025-05-27T00:17:13.153-04:00 DEBUG 51344 --- [demo] [           main] org.hibernate.type.BasicTypeRegistry     : Adding type registration OffsetDateTime -> basicType@2(java.time.OffsetDateTime,3003)
2025-05-27T00:17:13.153-04:00 DEBUG 51344 --- [demo] [           main] org.hibernate.type.BasicTypeRegistry     : Adding type registration java.time.OffsetDateTime -> basicType@2(java.time.OffsetDateTime,3003)
2025-05-27T00:17:13.153-04:00 DEBUG 51344 --- [demo] [           main] org.hibernate.type.BasicTypeRegistry     : Adding type registration org.hibernate.type.ZonedDateTimeType -> basicType@3(java.time.ZonedDateTime,3003)
2025-05-27T00:17:13.153-04:00 DEBUG 51344 --- [demo] [           main] org.hibernate.type.BasicTypeRegistry     : Adding type registration ZonedDateTime -> basicType@3(java.time.ZonedDateTime,3003)
2025-05-27T00:17:13.154-04:00 DEBUG 51344 --- [demo] [           main] org.hibernate.type.BasicTypeRegistry     : Adding type registration java.time.ZonedDateTime -> basicType@3(java.time.ZonedDateTime,3003)
2025-05-27T00:17:13.154-04:00 DEBUG 51344 --- [demo] [           main] org.hibernate.type.BasicTypeRegistry     : Adding type registration org.hibernate.type.OffsetTimeType -> basicType@4(java.time.OffsetTime,3007)
2025-05-27T00:17:13.154-04:00 DEBUG 51344 --- [demo] [           main] org.hibernate.type.BasicTypeRegistry     : Adding type registration OffsetTime -> basicType@4(java.time.OffsetTime,3007)
2025-05-27T00:17:13.154-04:00 DEBUG 51344 --- [demo] [           main] org.hibernate.type.BasicTypeRegistry     : Adding type registration java.time.OffsetTime -> basicType@4(java.time.OffsetTime,3007)
2025-05-27T00:17:13.154-04:00 DEBUG 51344 --- [demo] [           main] o.h.type.spi.TypeConfiguration$Scope     : Scoping TypeConfiguration [org.hibernate.type.spi.TypeConfiguration@3b021664] to MetadataBuildingContext [org.hibernate.boot.internal.MetadataBuildingContextRootImpl@f59da34]
2025-05-27T00:17:13.452-04:00  INFO 51344 --- [demo] [           main] o.h.e.t.j.p.i.JtaPlatformInitiator       : HHH000489: No JTA platform available (set 'hibernate.transaction.jta.platform' to enable JTA platform integration)
2025-05-27T00:17:13.452-04:00 DEBUG 51344 --- [demo] [           main] o.h.type.spi.TypeConfiguration$Scope     : Scoping TypeConfiguration [org.hibernate.type.spi.TypeConfiguration@3b021664] to SessionFactoryImplementor [org.hibernate.internal.SessionFactoryImpl@18ff753c]
2025-05-27T00:17:13.526-04:00 TRACE 51344 --- [demo] [           main] o.h.type.spi.TypeConfiguration$Scope     : Handling #sessionFactoryCreated from [org.hibernate.internal.SessionFactoryImpl@18ff753c] for TypeConfiguration
2025-05-27T00:17:13.526-04:00  INFO 51344 --- [demo] [           main] j.LocalContainerEntityManagerFactoryBean : Initialized JPA EntityManagerFactory for persistence unit 'default'
2025-05-27T00:17:13.780-04:00  INFO 51344 --- [demo] [           main] com.example.demo.DemoApplicationTests    : Started DemoApplicationTests in 1.316 seconds (process running for 1.622)
]]></system-out>
  </testcase>
</testsuite>